#
# There is insufficient memory for the Java Runtime Environment to continue.
# Native memory allocation (malloc) failed to allocate 1048576 bytes for AllocateHeap
# Possible reasons:
#   The system is out of physical RAM or swap space
#   In 32 bit mode, the process size limit was hit
# Possible solutions:
#   Reduce memory load on the system
#   Increase physical memory or swap space
#   Check if swap backing store is full
#   Use 64 bit Java on a 64 bit OS
#   Decrease Java heap size (-Xmx/-Xms)
#   Decrease number of Java threads
#   Decrease Java thread stack sizes (-Xss)
#   Set larger code cache with -XX:ReservedCodeCacheSize=
# This output file may be truncated or incomplete.
#
#  Out of Memory Error (memory/allocation.inline.hpp:61), pid=6260, tid=5668
#
# JRE version:  (8.0_45-b15) (build )
# Java VM: Java HotSpot(TM) 64-Bit Server VM (25.45-b02 mixed mode windows-amd64 compressed oops)
# Failed to write core dump. Minidumps are not enabled by default on client versions of Windows
#

---------------  T H R E A D  ---------------

Current thread (0x000000000251d800):  JavaThread "Unknown thread" [_thread_in_vm, id=5668, stack(0x0000000002810000,0x0000000002910000)]

Stack: [0x0000000002810000,0x0000000002910000]
Native frames: (J=compiled Java code, j=interpreted, Vv=VM code, C=native code)
V  [jvm.dll+0x32b57a]


---------------  P R O C E S S  ---------------

Java Threads: ( => current thread )

Other Threads:

=>0x000000000251d800 (exited) JavaThread "Unknown thread" [_thread_in_vm, id=5668, stack(0x0000000002810000,0x0000000002910000)]

VM state:not at safepoint (normal execution)

VM Mutex/Monitor currently owned by a thread: None

Heap:
 PSYoungGen      total 18432K, used 317K [0x00000000ebb80000, 0x00000000ed000000, 0x0000000100000000)
  eden space 15872K, 2% used [0x00000000ebb80000,0x00000000ebbcf5d0,0x00000000ecb00000)
  from space 2560K, 0% used [0x00000000ecd80000,0x00000000ecd80000,0x00000000ed000000)
  to   space 2560K, 0% used [0x00000000ecb00000,0x00000000ecb00000,0x00000000ecd80000)
 ParOldGen       total 42496K, used 0K [0x00000000c3200000, 0x00000000c5b80000, 0x00000000ebb80000)
  object space 42496K, 0% used [0x00000000c3200000,0x00000000c3200000,0x00000000c5b80000)
 Metaspace       used 766K, capacity 4480K, committed 4480K, reserved 1056768K
  class space    used 75K, capacity 384K, committed 384K, reserved 1048576K

Card table byte_map: [0x0000000011fa0000,0x0000000012190000] byte_map_base: 0x0000000011987000

Marking Bits: (ParMarkBitMap*) 0x0000000051d54040
 Begin Bits: [0x0000000012930000, 0x0000000013868000)
 End Bits:   [0x0000000013868000, 0x00000000147a0000)

Polling page: 0x0000000000330000

CodeCache: size=245760Kb used=327Kb max_used=327Kb free=245432Kb
 bounds [0x0000000002be0000, 0x0000000002e50000, 0x0000000011be0000]
 total_blobs=56 nmethods=0 adapters=37
 compilation: enabled

Compilation events (0 events):
No events

GC Heap History (0 events):
No events

Deoptimization events (0 events):
No events

Internal exceptions (0 events):
No events

Events (10 events):
Event: 0.039 loading class java/lang/Short
Event: 0.039 loading class java/lang/Short done
Event: 0.039 loading class java/lang/Integer
Event: 0.040 loading class java/lang/Integer done
Event: 0.040 loading class java/lang/Long
Event: 0.040 loading class java/lang/Long done
Event: 0.041 loading class java/lang/NullPointerException
Event: 0.041 loading class java/lang/NullPointerException done
Event: 0.041 loading class java/lang/ArithmeticException
Event: 0.041 loading class java/lang/ArithmeticException done


Dynamic libraries:
0x000000013fbb0000 - 0x000000013fbe7000 	C:\Program Files\Java\jdk1.8.0_45\bin\javaw.exe
0x0000000076f80000 - 0x0000000077129000 	C:\windows\SYSTEM32\ntdll.dll
0x0000000076880000 - 0x000000007699f000 	C:\windows\system32\kernel32.dll
0x000007fefd4b0000 - 0x000007fefd51c000 	C:\windows\system32\KERNELBASE.dll
0x0000000074760000 - 0x00000000747e8000 	C:\windows\System32\SYSFER.DLL
0x000007fefd8c0000 - 0x000007fefd99b000 	C:\windows\system32\ADVAPI32.dll
0x000007fefeb70000 - 0x000007fefec0f000 	C:\windows\system32\msvcrt.dll
0x000007feff270000 - 0x000007feff28f000 	C:\windows\SYSTEM32\sechost.dll
0x000007fefef60000 - 0x000007feff08d000 	C:\windows\system32\RPCRT4.dll
0x0000000076e80000 - 0x0000000076f7a000 	C:\windows\system32\USER32.dll
0x000007fefdd50000 - 0x000007fefddb7000 	C:\windows\system32\GDI32.dll
0x000007fefdc60000 - 0x000007fefdc6e000 	C:\windows\system32\LPK.dll
0x000007fefd7e0000 - 0x000007fefd8a9000 	C:\windows\system32\USP10.dll
0x000007fefb9f0000 - 0x000007fefbbe4000 	C:\windows\WinSxS\amd64_microsoft.windows.common-controls_6595b64144ccf1df_6.0.7601.18837_none_fa3b1e3d17594757\COMCTL32.dll
0x000007fefdbe0000 - 0x000007fefdc51000 	C:\windows\system32\SHLWAPI.dll
0x000007fefd7b0000 - 0x000007fefd7de000 	C:\windows\system32\IMM32.DLL
0x000007feff160000 - 0x000007feff269000 	C:\windows\system32\MSCTF.dll
0x0000000065100000 - 0x00000000651d2000 	C:\Program Files\Java\jdk1.8.0_45\jre\bin\msvcr100.dll
0x0000000051550000 - 0x0000000051dd3000 	C:\Program Files\Java\jdk1.8.0_45\jre\bin\server\jvm.dll
0x000007fef47c0000 - 0x000007fef47c9000 	C:\windows\system32\WSOCK32.dll
0x000007feff110000 - 0x000007feff15d000 	C:\windows\system32\WS2_32.dll
0x000007fefd8b0000 - 0x000007fefd8b8000 	C:\windows\system32\NSI.dll
0x000007fefbee0000 - 0x000007fefbf1b000 	C:\windows\system32\WINMM.dll
0x000007fefc540000 - 0x000007fefc54c000 	C:\windows\system32\VERSION.dll
0x0000000077140000 - 0x0000000077147000 	C:\windows\system32\PSAPI.DLL
0x0000000074670000 - 0x000000007467f000 	C:\Program Files\Java\jdk1.8.0_45\jre\bin\verify.dll
0x0000000072110000 - 0x0000000072139000 	C:\Program Files\Java\jdk1.8.0_45\jre\bin\java.dll
0x00000000729f0000 - 0x0000000072a06000 	C:\Program Files\Java\jdk1.8.0_45\jre\bin\zip.dll

VM Arguments:
jvm_args: -Dfile.encoding=Cp1252 
java_command: selfProject.GUI
java_class_path (initial): C:\Users\Student\workspace\SEF\bin;C:\Users\Student\workspace\SEF\lib\mysql-connector-java-5.1.6-bin.jar;C:\Users\Student\workspace\SEF\lib\SEF_Test.jar;C:\Users\Student\workspace\SEF\lib\commons-logging.jar;C:\Users\Student\workspace\SEF\lib\junit.jar
Launcher Type: SUN_STANDARD

Environment Variables:
PATH=C:\ProgramData\Oracle\Java\javapath;C:\Program Files\Dell\DW WLAN Card;;C:\windows\system32;C:\windows;C:\windows\System32\Wbem;C:\windows\System32\WindowsPowerShell\v1.0\;C:\Program Files\Java\jdk1.8.0_45\bin
USERNAME=Student
OS=Windows_NT
PROCESSOR_IDENTIFIER=Intel64 Family 6 Model 37 Stepping 5, GenuineIntel



---------------  S Y S T E M  ---------------

OS: Windows 7 , 64 bit Build 7601 (6.1.7601.18869)

CPU:total 4 (2 cores per cpu, 2 threads per core) family 6 model 37 stepping 5, cmov, cx8, fxsr, mmx, sse, sse2, sse3, ssse3, sse4.1, sse4.2, popcnt, aes, clmul, ht, tsc, tscinvbit

Memory: 4k page, physical 3987304k(1397848k free), swap 15947380k(6592k free)

vm_info: Java HotSpot(TM) 64-Bit Server VM (25.45-b02) for windows-amd64 JRE (1.8.0_45-b15), built on Apr 30 2015 12:40:44 by "java_re" with MS VC++ 10.0 (VS2010)

time: Thu Jul 30 15:29:31 2015
elapsed time: 0 seconds (0d 0h 0m 0s)

